E:\MYFILE\WINDOWS API\CALCTHROUGHPUT\CALCTHROUGHPUT\RELEASE\CALCTHROUGHPUT.PCH
E:\MYFILE\WINDOWS API\CALCTHROUGHPUT\CALCTHROUGHPUT\RELEASE\STDAFX.OBJ
E:\MYFILE\WINDOWS API\CALCTHROUGHPUT\CALCTHROUGHPUT\RELEASE\VC110.PDB
E:\MYFILE\WINDOWS API\CALCTHROUGHPUT\CALCTHROUGHPUT\RELEASE\CALC_THROUGHPUT_ALG.OBJ
E:\MYFILE\WINDOWS API\CALCTHROUGHPUT\CALCTHROUGHPUT\RELEASE\CALCTHROUGHPUT.OBJ
E:\MYFILE\WINDOWS API\CALCTHROUGHPUT\RELEASE\CALCTHROUGHPUT.EXE
E:\MYFILE\WINDOWS API\CALCTHROUGHPUT\RELEASE\CALCTHROUGHPUT.PDB
E:\MYFILE\WINDOWS API\CALCTHROUGHPUT\CALCTHROUGHPUT\RELEASE\CALCTHROUGHPUT.RES
E:\myfile\windows API\CalcThroughput\CalcThroughput\Release\CalcThroughput.obj
E:\myfile\windows API\CalcThroughput\CalcThroughput\Release\calc_throughput_alg.obj
E:\myfile\windows API\CalcThroughput\CalcThroughput\Release\stdafx.obj
E:\myfile\windows API\CalcThroughput\CalcThroughput\Release\cl.command.1.tlog
E:\myfile\windows API\CalcThroughput\CalcThroughput\Release\CL.read.1.tlog
E:\myfile\windows API\CalcThroughput\CalcThroughput\Release\CL.write.1.tlog
E:\myfile\windows API\CalcThroughput\CalcThroughput\Release\link-cvtres.read.1.tlog
E:\myfile\windows API\CalcThroughput\CalcThroughput\Release\link-cvtres.write.1.tlog
E:\myfile\windows API\CalcThroughput\CalcThroughput\Release\link-rc.read.1.tlog
E:\myfile\windows API\CalcThroughput\CalcThroughput\Release\link-rc.write.1.tlog
E:\myfile\windows API\CalcThroughput\CalcThroughput\Release\link.command.1.tlog
E:\myfile\windows API\CalcThroughput\CalcThroughput\Release\link.read.1.tlog
E:\myfile\windows API\CalcThroughput\CalcThroughput\Release\link.write.1.tlog
E:\myfile\windows API\CalcThroughput\CalcThroughput\Release\rc.command.1.tlog
E:\myfile\windows API\CalcThroughput\CalcThroughput\Release\rc.read.1.tlog
E:\myfile\windows API\CalcThroughput\CalcThroughput\Release\rc.write.1.tlog
E:\myfile\windows API\CalcThroughput\CalcThroughput\Release\CalcThroughput.res
E:\myfile\windows API\CalcThroughput\CalcThroughput\Release\CalcThroughput.pch
E:\myfile\windows API\CalcThroughput\CalcThroughput\Release\vc110.pdb
E:\myfile\windows API\CalcThroughput\Release\CalcThroughput.pdb
E:\myfile\windows API\CalcThroughput\Release\CalcThroughput.exe
