E:\MYFILE\WINDOWS API\CALCTHROUGHPUT\CALCTHROUGHPUT\DEBUG\CALCTHROUGHPUT.PCH
E:\MYFILE\WINDOWS API\CALCTHROUGHPUT\CALCTHROUGHPUT\DEBUG\STDAFX.OBJ
E:\MYFILE\WINDOWS API\CALCTHROUGHPUT\CALCTHROUGHPUT\DEBUG\VC110.PDB
E:\MYFILE\WINDOWS API\CALCTHROUGHPUT\CALCTHROUGHPUT\DEBUG\CALCTHROUGHPUT.OBJ
E:\MYFILE\WINDOWS API\CALCTHROUGHPUT\CALCTHROUGHPUT\DEBUG\CALC_THROUGHPUT_ALG.OBJ
E:\MYFILE\WINDOWS API\CALCTHROUGHPUT\DEBUG\CALCTHROUGHPUT.ILK
E:\MYFILE\WINDOWS API\CALCTHROUGHPUT\DEBUG\CALCTHROUGHPUT.EXE
E:\MYFILE\WINDOWS API\CALCTHROUGHPUT\DEBUG\CALCTHROUGHPUT.PDB
E:\MYFILE\WINDOWS API\CALCTHROUGHPUT\CALCTHROUGHPUT\DEBUG\CALCTHROUGHPUT.RES
E:\myfile\myCode\win32API\CalcThroughput\CalcThroughput\Debug\CalcThroughput.vcxprojResolveAssemblyReference.cache
E:\myfile\myCode\win32API\CalcThroughput\CalcThroughput\Debug\CalcThroughput.obj
E:\myfile\myCode\win32API\CalcThroughput\CalcThroughput\Debug\calc_throughput_alg.obj
E:\myfile\myCode\win32API\CalcThroughput\CalcThroughput\Debug\stdafx.obj
E:\myfile\myCode\win32API\CalcThroughput\CalcThroughput\Debug\cl.command.1.tlog
E:\myfile\myCode\win32API\CalcThroughput\CalcThroughput\Debug\CL.read.1.tlog
E:\myfile\myCode\win32API\CalcThroughput\CalcThroughput\Debug\CL.write.1.tlog
E:\myfile\myCode\win32API\CalcThroughput\CalcThroughput\Debug\link-cvtres.read.1.tlog
E:\myfile\myCode\win32API\CalcThroughput\CalcThroughput\Debug\link-cvtres.write.1.tlog
E:\myfile\myCode\win32API\CalcThroughput\CalcThroughput\Debug\link-rc.read.1.tlog
E:\myfile\myCode\win32API\CalcThroughput\CalcThroughput\Debug\link-rc.write.1.tlog
E:\myfile\myCode\win32API\CalcThroughput\CalcThroughput\Debug\link.5300-cvtres.read.1.tlog
E:\myfile\myCode\win32API\CalcThroughput\CalcThroughput\Debug\link.5300-cvtres.write.1.tlog
E:\myfile\myCode\win32API\CalcThroughput\CalcThroughput\Debug\link.5300-rc.read.1.tlog
E:\myfile\myCode\win32API\CalcThroughput\CalcThroughput\Debug\link.5300-rc.write.1.tlog
E:\myfile\myCode\win32API\CalcThroughput\CalcThroughput\Debug\link.5300.read.1.tlog
E:\myfile\myCode\win32API\CalcThroughput\CalcThroughput\Debug\link.5300.write.1.tlog
E:\myfile\myCode\win32API\CalcThroughput\CalcThroughput\Debug\link.command.1.tlog
E:\myfile\myCode\win32API\CalcThroughput\CalcThroughput\Debug\link.read.1.tlog
E:\myfile\myCode\win32API\CalcThroughput\CalcThroughput\Debug\link.write.1.tlog
E:\myfile\myCode\win32API\CalcThroughput\CalcThroughput\Debug\rc.command.1.tlog
E:\myfile\myCode\win32API\CalcThroughput\CalcThroughput\Debug\rc.read.1.tlog
E:\myfile\myCode\win32API\CalcThroughput\CalcThroughput\Debug\rc.write.1.tlog
E:\myfile\myCode\win32API\CalcThroughput\CalcThroughput\Debug\CalcThroughput.res
E:\myfile\myCode\win32API\CalcThroughput\CalcThroughput\Debug\CalcThroughput.pch
E:\myfile\myCode\win32API\CalcThroughput\CalcThroughput\Debug\vc110.idb
E:\myfile\myCode\win32API\CalcThroughput\CalcThroughput\Debug\vc110.pdb
